[2025-03-06 09:23:48] [INFO] Using myDb database
[2025-03-06 09:26:38] [INFO] Using myDb database
[2025-03-06 09:28:44] [INFO] Using myDb database
[2025-03-06 09:31:33] [INFO] Using myDb database
[2025-03-06 09:34:06] [INFO] Table USERS has been updated, with 0 rows.
[2025-03-06 09:36:49] [INFO] Using myDb database
[2025-03-06 09:37:34] [SEVERE] Database not found.
[2025-03-06 09:37:39] [INFO] Using myDb database
[2025-03-06 09:39:48] [INFO] Using myDb database
[2025-03-06 09:40:52] [INFO] Table USERS has been updated, with 0 rows.
[2025-03-06 09:42:31] [INFO] Table USERS has been updated, with 0 rows.
[2025-03-06 09:42:40] [INFO] Using MYDB database
[2025-03-06 09:59:59] [INFO] Table USERS has been updated, with 1 rows.
[2025-03-06 10:10:09] [INFO] Using MYDB database
[2025-03-06 10:11:03] [SEVERE] Table not found: USERS WHERE ID=1
[2025-03-06 10:11:34] [INFO] Deleted 1 rows from table 'USERS'.
[2025-03-06 11:01:14] [SEVERE] Database not found.
[2025-03-06 11:01:20] [INFO] Using MYDB; database
[2025-03-06 11:01:27] [SEVERE] Table not found: USERS
[2025-03-06 11:01:58] [INFO] Transaction : 159 started.
[2025-03-06 11:04:06] [SEVERE] A transaction with id  159 already exists. Rolling back.
[2025-03-06 11:06:39] [INFO] Using MYDB database
[2025-03-06 11:07:22] [INFO] Transaction : 159 started.
[2025-03-06 11:08:17] [INFO] Transaction : 159 committed.
[2025-03-06 11:09:47] [INFO] Using MYDB database
[2025-03-06 11:16:17] [SEVERE] Table not found: USERS
[2025-03-06 11:16:51] [INFO] Transaction : 159 started.
[2025-03-06 11:17:48] [INFO] Using MYDB database
[2025-03-06 11:18:08] [INFO] Transaction : 159 started.
[2025-03-06 11:19:45] [INFO] Using MYDB database
[2025-03-06 11:21:51] [INFO] Transaction : 159 started.
[2025-03-06 15:59:23] [SEVERE] This is error
[2025-03-06 16:00:16] [SEVERE] This is error
